<?xml version="1.0" encoding="UTF-8"?>
<!-- Generated by org.testng.reporters.JUnitXMLReporter -->
<testsuite hostname="Madhurs-MacBook-Air.local" ignored="0" name="iOS (failed)" tests="3" failures="2" timestamp="11 Jul 2020 13:25:08 GMT" time="63.19" errors="0">
  <testcase name="incorrectLoginTest" time="13.283" classname="com.appium.tests.LoginTest"/>
  <testcase name="correctLoginTest" time="18.87" classname="com.appium.tests.LoginTest">
    <failure type="org.openqa.selenium.WebDriverException" message="An unknown server-side error occurred while processing the command. Original error: The attribute &amp;apos;text&amp;apos; is unknown. Valid attribute names are: (
    UID,
    accessibilityContainer,
    accessible,
    enabled,
    frame,
    label,
    name,
    rect,
    selected,
    type,
    value,
    visible,
    wdAccessibilityContainer,
    wdAccessible,
    wdEnabled,
    wdFrame,
    wdLabel,
    wdName,
    wdRect,
    wdSelected,
    wdType,
    wdUID,
    wdValue,
    wdVisible
)
Build info: version: &amp;apos;3.141.59&amp;apos;, revision: &amp;apos;e82be7d358&amp;apos;, time: &amp;apos;2018-11-14T08:17:03&amp;apos;
System info: host: &amp;apos;Madhurs-MacBook-Air.local&amp;apos;, ip: &amp;apos;fe80:0:0:0:1029:10f7:9164:5742%en0&amp;apos;, os.name: &amp;apos;Mac OS X&amp;apos;, os.arch: &amp;apos;x86_64&amp;apos;, os.version: &amp;apos;10.15.2&amp;apos;, java.version: &amp;apos;1.8.0_191&amp;apos;
Driver info: io.appium.java_client.ios.IOSDriver
Capabilities {app: /Users/maddy/eclipse-worksp..., automationName: XCUITest, browserName: , databaseEnabled: false, deviceName: iPhone 11, javascriptEnabled: true, locationContextEnabled: false, networkConnectionEnabled: false, platform: MAC, platformName: iOS, platformVersion: 13.5, takesScreenshot: true, udid: CC66683A-2B0A-43C7-A91D-EBB..., wdaLocalPort: 10001, webStorageEnabled: false, webkitDebugProxyPort: 11001}
Session ID: 36f2f3a1-78a5-4b7a-9aef-201e1679a7ee">
      <![CDATA[org.openqa.selenium.WebDriverException: An unknown server-side error occurred while processing the command. Original error: The attribute 'text' is unknown. Valid attribute names are: (
    UID,
    accessibilityContainer,
    accessible,
    enabled,
    frame,
    label,
    name,
    rect,
    selected,
    type,
    value,
    visible,
    wdAccessibilityContainer,
    wdAccessible,
    wdEnabled,
    wdFrame,
    wdLabel,
    wdName,
    wdRect,
    wdSelected,
    wdType,
    wdUID,
    wdValue,
    wdVisible
)
Build info: version: '3.141.59', revision: 'e82be7d358', time: '2018-11-14T08:17:03'
System info: host: 'Madhurs-MacBook-Air.local', ip: 'fe80:0:0:0:1029:10f7:9164:5742%en0', os.name: 'Mac OS X', os.arch: 'x86_64', os.version: '10.15.2', java.version: '1.8.0_191'
Driver info: io.appium.java_client.ios.IOSDriver
Capabilities {app: /Users/maddy/eclipse-worksp..., automationName: XCUITest, browserName: , databaseEnabled: false, deviceName: iPhone 11, javascriptEnabled: true, locationContextEnabled: false, networkConnectionEnabled: false, platform: MAC, platformName: iOS, platformVersion: 13.5, takesScreenshot: true, udid: CC66683A-2B0A-43C7-A91D-EBB..., wdaLocalPort: 10001, webStorageEnabled: false, webkitDebugProxyPort: 11001}
Session ID: 36f2f3a1-78a5-4b7a-9aef-201e1679a7ee
at org.openqa.selenium.remote.http.W3CHttpResponseCodec.createException(W3CHttpResponseCodec.java:187)
at org.openqa.selenium.remote.http.W3CHttpResponseCodec.decode(W3CHttpResponseCodec.java:122)
at org.openqa.selenium.remote.http.W3CHttpResponseCodec.decode(W3CHttpResponseCodec.java:49)
at org.openqa.selenium.remote.HttpCommandExecutor.execute(HttpCommandExecutor.java:158)
at io.appium.java_client.remote.AppiumCommandExecutor.execute(AppiumCommandExecutor.java:239)
at org.openqa.selenium.remote.RemoteWebDriver.execute(RemoteWebDriver.java:552)
at io.appium.java_client.DefaultGenericMobileDriver.execute(DefaultGenericMobileDriver.java:41)
at io.appium.java_client.AppiumDriver.execute(AppiumDriver.java:1)
at io.appium.java_client.ios.IOSDriver.execute(IOSDriver.java:1)
at org.openqa.selenium.remote.RemoteWebElement.execute(RemoteWebElement.java:285)
at io.appium.java_client.DefaultGenericMobileElement.execute(DefaultGenericMobileElement.java:45)
at io.appium.java_client.MobileElement.execute(MobileElement.java:1)
at io.appium.java_client.ios.IOSElement.execute(IOSElement.java:1)
at org.openqa.selenium.remote.RemoteWebElement.getAttribute(RemoteWebElement.java:134)
at io.appium.java_client.pagefactory.ElementInterceptor.getObject(ElementInterceptor.java:40)
at io.appium.java_client.pagefactory.interceptors.InterceptorOfASingleElement.intercept(InterceptorOfASingleElement.java:60)
at io.appium.java_client.ios.IOSElement$$EnhancerByCGLIB$$d311658.getAttribute(<generated>)
at com.appium.base.TestBase.getAttribute(TestBase.java:231)
at com.appium.pages.ProductsPage.getProductsTitle(ProductsPage.java:20)
at com.appium.tests.LoginTest.correctLoginTest(LoginTest.java:37)
at java.util.concurrent.FutureTask.run(FutureTask.java:266)
at java.util.concurrent.ThreadPoolExecutor.runWorker(ThreadPoolExecutor.java:1149)
at java.util.concurrent.ThreadPoolExecutor$Worker.run(ThreadPoolExecutor.java:624)
at java.lang.Thread.run(Thread.java:748)
... Removed 24 stack frames]]>
    </failure>
  </testcase> <!-- correctLoginTest -->
  <testcase name="correctLoginTest" time="18.883" classname="com.appium.tests.LoginTest">
    <failure type="java.lang.NullPointerException">
      <![CDATA[java.lang.NullPointerException
at com.appium.listeners.TestListeners.onTestFailure(TestListeners.java:42)
at java.util.concurrent.FutureTask.run(FutureTask.java:266)
at java.util.concurrent.ThreadPoolExecutor.runWorker(ThreadPoolExecutor.java:1149)
at java.util.concurrent.ThreadPoolExecutor$Worker.run(ThreadPoolExecutor.java:624)
at java.lang.Thread.run(Thread.java:748)
... Removed 13 stack frames]]>
    </failure>
  </testcase> <!-- correctLoginTest -->
</testsuite> <!-- iOS (failed) -->
